# pytest -v -m pdv > reports/report.txt
============================= test session starts ==============================
platform darwin -- Python 3.7.3, pytest-6.2.2, py-1.10.0, pluggy-0.13.1 -- /Users/mac/Projects/rest-crud-pytests/bin/python3
cachedir: .pytest_cache
rootdir: /Users/mac/Projects/rest-crud-pytests, configfile: pytest.ini
plugins: parallel-0.1.0, dependency-0.5.1, order-0.9.4, ordering-0.6, depends-1.0.1
collecting ... collected 187 items / 186 deselected / 1 selected

tests/test_pdv.py::test_info_page_is_displayed PASSED                    [100%]

====================== 1 passed, 186 deselected in 0.37s =======================


# pytest -v -m run_on_empty >> reports/report.txt
============================= test session starts ==============================
platform darwin -- Python 3.7.3, pytest-6.2.2, py-1.10.0, pluggy-0.13.1 -- /Users/mac/Projects/rest-crud-pytests/bin/python3
cachedir: .pytest_cache
rootdir: /Users/mac/Projects/rest-crud-pytests, configfile: pytest.ini
plugins: parallel-0.1.0, dependency-0.5.1, order-0.9.4, ordering-0.6, depends-1.0.1
collecting ... collected 187 items / 185 deselected / 2 selected

tests/test_http_get.py::test_successfully_reads_all_bears_when_bears_not_exist PASSED [ 50%]
tests/test_http_delete.py::test_successfully_deletes_all_when_no_bears PASSED [100%]

====================== 2 passed, 185 deselected in 0.42s =======================


# pytest -v -m smoke >> reports/report.txt
============================= test session starts ==============================
platform darwin -- Python 3.7.3, pytest-6.2.2, py-1.10.0, pluggy-0.13.1 -- /Users/mac/Projects/rest-crud-pytests/bin/python3
cachedir: .pytest_cache
rootdir: /Users/mac/Projects/rest-crud-pytests, configfile: pytest.ini
plugins: parallel-0.1.0, dependency-0.5.1, order-0.9.4, ordering-0.6, depends-1.0.1
collecting ... collected 187 items / 182 deselected / 5 selected

tests/test_http_post.py::test_successfully_creates_valid_bear PASSED     [ 20%]
tests/test_http_get.py::test_successfully_reads_existing_bear_by_id PASSED [ 40%]
tests/test_http_get.py::test_successfully_reads_all_bears_when_bears_exist PASSED [ 60%]
tests/test_http_delete.py::test_successfully_deletes_existing_bear_by_id PASSED [ 80%]
tests/test_http_delete.py::test_successfully_deletes_all_existing_bears PASSED [100%]

====================== 5 passed, 182 deselected in 0.96s =======================


# pytest -v -m 'not slow and not smoke and not run_on_empty'
============================= test session starts ==============================
platform darwin -- Python 3.7.3, pytest-6.2.2, py-1.10.0, pluggy-0.13.1 -- /Users/mac/Projects/rest-crud-pytests/bin/python3
cachedir: .pytest_cache
rootdir: /Users/mac/Projects/rest-crud-pytests, configfile: pytest.ini
plugins: parallel-0.1.0, dependency-0.5.1, order-0.9.4, ordering-0.6, depends-1.0.1
collecting ... collected 187 items / 9 deselected / 178 selected

tests/test_pdv.py::test_info_page_is_displayed PASSED                    [  0%]
tests/test_http_put.py::test_fails_to_update_bear_with_broken_format_data_param[0] FAILED [  1%]
tests/test_http_put.py::test_fails_to_update_bear_with_broken_format_data_param[word] FAILED [  1%]
tests/test_http_put.py::test_fails_to_update_bear_with_broken_format_data_param[False] FAILED [  2%]
tests/test_http_put.py::test_fails_to_update_bear_with_broken_format_data_param[None] FAILED [  2%]
tests/test_http_put.py::test_fails_to_update_bear_with_broken_format_data_param[invalid_data2] FAILED [  3%]
tests/test_http_put.py::test_fails_to_update_bear_with_broken_format_data_param[{}] FAILED [  3%]
tests/test_http_put.py::test_fails_to_update_bear_with_broken_format_data_param[invalid_data0] FAILED [  4%]
tests/test_http_put.py::test_fails_to_update_bear_id_to_already_by_used_id_sending_whole_invalid_updated_bear FAILED [  5%]
tests/test_http_put.py::test_fails_to_update_bear_id_to_free_id_by_sending_whole_invalid_updated_bear FAILED [  5%]
tests/test_http_put.py::test_fails_to_update_bear_age_by_sending_whole_invalid_updated_bear[100000000000.0] FAILED [  6%]
tests/test_http_put.py::test_fails_to_update_bear_age_by_sending_whole_invalid_updated_bear[1.1234567890123457] FAILED [  6%]
tests/test_http_put.py::test_fails_to_update_bear_age_by_sending_whole_invalid_updated_bear[-1.2] FAILED [  7%]
tests/test_http_put.py::test_fails_to_update_bear_age_by_sending_whole_invalid_updated_bear[-11] FAILED [  7%]
tests/test_http_put.py::test_fails_to_update_bear_age_by_sending_whole_invalid_updated_bear[51] FAILED [  8%]
tests/test_http_put.py::test_fails_to_update_bear_age_by_sending_whole_invalid_updated_bear[-10] FAILED [  8%]
tests/test_http_put.py::test_fails_to_update_bear_age_by_sending_whole_invalid_updated_bear[False] FAILED [  9%]
tests/test_http_put.py::test_fails_to_update_bear_age_by_sending_whole_invalid_updated_bear[True] FAILED [ 10%]
tests/test_http_put.py::test_fails_to_update_bear_age_by_sending_whole_invalid_updated_bear[None] FAILED [ 10%]
tests/test_http_put.py::test_fails_to_update_bear_age_by_sending_whole_invalid_updated_bear[age] FAILED [ 11%]
tests/test_http_put.py::test_fails_to_update_bear_age_by_sending_whole_invalid_updated_bear[] FAILED [ 11%]
tests/test_http_put.py::test_fails_to_update_bear_type_by_sending_whole_invalid_updated_bear[False] FAILED [ 12%]
tests/test_http_put.py::test_fails_to_update_bear_type_by_sending_whole_invalid_updated_bear[True] FAILED [ 12%]
tests/test_http_put.py::test_fails_to_update_bear_type_by_sending_whole_invalid_updated_bear[0] FAILED [ 13%]
tests/test_http_put.py::test_fails_to_update_bear_type_by_sending_whole_invalid_updated_bear[None] FAILED [ 14%]
tests/test_http_put.py::test_fails_to_update_bear_type_by_sending_whole_invalid_updated_bear[] FAILED [ 14%]
tests/test_http_put.py::test_fails_to_update_bear_type_by_sending_whole_invalid_updated_bear[black] FAILED [ 15%]
tests/test_http_put.py::test_fails_to_update_bear_type_by_sending_whole_invalid_updated_bear[WHITE] FAILED [ 15%]
tests/test_http_put.py::test_fails_to_update_bear_name_by_sending_whole_invalid_updated_bear[aaaaaaaaaaaaaaaaaaaaaaaaaaaaaaaaaaaaaaaaaaaaaaaaaaaaaaaaaaaaaaaaaaaaaaaaaaaaaaaaaaaaaaaaaaaaaaaaaaaaaaaaaaaaaaaaaaaaaaaaaaaaaaaaaaaaaaaaaaaaaaaaaaaaaaaaaaaaaaaaaaaaaaaaaaaaaaaaaaaaaaaaaaaaaaaaaaaaaaaaaaaaaaaaaaaaaaaaaaaaaaaaaaaaaaaaaaaaaaaaaaaaaaaaaaaaaaaaaaaaaaaaaaaaaaaaaaaaaaaaaaaaaaaaaaaaaaaaaaaaaaaaaaaaaaaaaaaaaaaaaaaaaaaaaaaaaaaaaaaaaaaaaaaaaaaaaaaaaaaaaaaaaaaaaaaaaaaaaaaaaaaaaaaaaaaaaaaaaaaaaaaaaaaaaaaaaaaaaaaaaaaaaaaaaaaaaaaaaaaaaaaaaaaaaaaaaaaaaaaaaaaaaaaaaaaaaaaaaaaaaaaaaaaaaaaaaaaaaaaaaaaaaaaaaaaaaaaaaaaaaaaaaaaaaaaaaaaaaaaaaaaaaaaaaaaaaaaaaaaaaaaaaaaaaaaaaaaaaaaaaaaaaaaaaaaaaaaaaaaaaaaaaaaaaaaaaaaaaaaaaaaaaaaaaaaaaaaaaaaaaaaaaaaaaaaaaaaaaaaaaaaaaaaaaaaaaaaaaaaaaaaaaaaaaaaaaaaaaaaaaaaaaaaaaaaaaaaaaaaaaaaaaaaaaaaaaaaaaaaaaaaaaaaaaaaaaaaaaaaaaaaaaaaaaaaaaaaaaaaaaaaaaaaaaaaaaaaaaaaaaaaaaaaaaaaaaaaaaaaaaaaaaaaaaaaaaaaaaaaaaaaaaaaaaaaaaaaaaaaaaaaaaaaaaaaaaaaaaaaaaaaaaaaaaaaaaaaaaaaaaaaaaaaaaaaaaaaaaaaaaaaaaaaaaaaaaaaaaaaaaaaaaaaaaaaaaaaaaaaaaaaaaaaaaaaaaaaaaaaaaaaaaaaaaaaaaaaaaaaa] FAILED [ 16%]
tests/test_http_put.py::test_fails_to_update_bear_name_by_sending_whole_invalid_updated_bear[10] FAILED [ 16%]
tests/test_http_put.py::test_fails_to_update_bear_name_by_sending_whole_invalid_updated_bear[0] FAILED [ 17%]
tests/test_http_put.py::test_fails_to_update_bear_name_by_sending_whole_invalid_updated_bear[False] FAILED [ 17%]
tests/test_http_put.py::test_fails_to_update_bear_name_by_sending_whole_invalid_updated_bear[True] FAILED [ 18%]
tests/test_http_put.py::test_fails_to_update_bear_name_by_sending_whole_invalid_updated_bear[None] FAILED [ 19%]
tests/test_http_put.py::test_fails_to_update_bear_name_by_sending_whole_invalid_updated_bear[ ] FAILED [ 19%]
tests/test_http_put.py::test_fails_to_update_bear_name_by_sending_whole_invalid_updated_bear[] FAILED [ 20%]
tests/test_http_put.py::test_successfully_updates_bear_age_by_sending_whole_valid_updated_bear[1.123456] FAILED [ 20%]
tests/test_http_put.py::test_successfully_updates_bear_age_by_sending_whole_valid_updated_bear[1.2] FAILED [ 21%]
tests/test_http_put.py::test_successfully_updates_bear_age_by_sending_whole_valid_updated_bear[1] FAILED [ 21%]
tests/test_http_put.py::test_successfully_updates_bear_age_by_sending_whole_valid_updated_bear[50] FAILED [ 22%]
tests/test_http_put.py::test_successfully_updates_bear_age_by_sending_whole_valid_updated_bear[0] FAILED [ 23%]
tests/test_http_put.py::test_successfully_updates_bear_type_by_sending_whole_valid_updated_bear[GUMMY] FAILED [ 23%]
tests/test_http_put.py::test_successfully_updates_bear_type_by_sending_whole_valid_updated_bear[BLACK] FAILED [ 24%]
tests/test_http_put.py::test_successfully_updates_bear_type_by_sending_whole_valid_updated_bear[BROWN] PASSED [ 24%]
tests/test_http_put.py::test_successfully_updates_bear_type_by_sending_whole_valid_updated_bear[POLAR] FAILED [ 25%]
tests/test_http_put.py::test_successfully_updates_bear_name_by_sending_whole_valid_updated_bear[\u0632\u0648\u062c\u064a] FAILED [ 25%]
tests/test_http_put.py::test_successfully_updates_bear_name_by_sending_whole_valid_updated_bear[\u6210\u5c0d] PASSED [ 26%]
tests/test_http_put.py::test_successfully_updates_bear_name_by_sending_whole_valid_updated_bear[\u041c\u0438\u0445\u0430\u0438\u043b] PASSED [ 26%]
tests/test_http_put.py::test_successfully_updates_bear_name_by_sending_whole_valid_updated_bear[&'-_ "+?!] PASSED [ 27%]
tests/test_http_put.py::test_successfully_updates_bear_name_by_sending_whole_valid_updated_bear[First Last] PASSED [ 28%]
tests/test_http_put.py::test_successfully_updates_bear_name_by_sending_whole_valid_updated_bear[MIKHAIL] FAILED [ 28%]
tests/test_http_put.py::test_successfully_updates_bear_name_by_sending_whole_valid_updated_bear[Mikhail] PASSED [ 29%]
tests/test_http_put.py::test_successfully_updates_bear_name_by_sending_whole_valid_updated_bear[mikhail] PASSED [ 29%]
tests/test_http_put.py::test_fails_to_update_bear_id_to_already_by_used_id_sending_only_that_param FAILED [ 30%]
tests/test_http_put.py::test_fails_to_update_bear_id_to_free_id_by_sending_only_that_param FAILED [ 30%]
tests/test_http_put.py::test_fails_to_update_bear_unknown_parameter_sending_only_that_invalid_param FAILED [ 31%]
tests/test_http_put.py::test_fails_to_update_bear_age_by_sending_only_that_invalid_param[100000000000.0] FAILED [ 32%]
tests/test_http_put.py::test_fails_to_update_bear_age_by_sending_only_that_invalid_param[1.1234567890123457] FAILED [ 32%]
tests/test_http_put.py::test_fails_to_update_bear_age_by_sending_only_that_invalid_param[-1.2] FAILED [ 33%]
tests/test_http_put.py::test_fails_to_update_bear_age_by_sending_only_that_invalid_param[-11] FAILED [ 33%]
tests/test_http_put.py::test_fails_to_update_bear_age_by_sending_only_that_invalid_param[51] FAILED [ 34%]
tests/test_http_put.py::test_fails_to_update_bear_age_by_sending_only_that_invalid_param[-10] FAILED [ 34%]
tests/test_http_put.py::test_fails_to_update_bear_age_by_sending_only_that_invalid_param[False] FAILED [ 35%]
tests/test_http_put.py::test_fails_to_update_bear_age_by_sending_only_that_invalid_param[True] FAILED [ 35%]
tests/test_http_put.py::test_fails_to_update_bear_age_by_sending_only_that_invalid_param[None] FAILED [ 36%]
tests/test_http_put.py::test_fails_to_update_bear_age_by_sending_only_that_invalid_param[age] FAILED [ 37%]
tests/test_http_put.py::test_fails_to_update_bear_age_by_sending_only_that_invalid_param[] FAILED [ 37%]
tests/test_http_put.py::test_fails_to_update_bear_type_by_sending_only_that_invalid_param[False] FAILED [ 38%]
tests/test_http_put.py::test_fails_to_update_bear_type_by_sending_only_that_invalid_param[True] FAILED [ 38%]
tests/test_http_put.py::test_fails_to_update_bear_type_by_sending_only_that_invalid_param[0] FAILED [ 39%]
tests/test_http_put.py::test_fails_to_update_bear_type_by_sending_only_that_invalid_param[None] FAILED [ 39%]
tests/test_http_put.py::test_fails_to_update_bear_type_by_sending_only_that_invalid_param[] FAILED [ 40%]
tests/test_http_put.py::test_fails_to_update_bear_type_by_sending_only_that_invalid_param[black] FAILED [ 41%]
tests/test_http_put.py::test_fails_to_update_bear_type_by_sending_only_that_invalid_param[WHITE] FAILED [ 41%]
tests/test_http_put.py::test_fails_to_update_bear_name_by_sending_only_that_invalid_param[aaaaaaaaaaaaaaaaa...aaaaaaaaaaaa] FAILED [ 42%]
tests/test_http_put.py::test_fails_to_update_bear_name_by_sending_only_that_invalid_param[10] FAILED [ 42%]
tests/test_http_put.py::test_fails_to_update_bear_name_by_sending_only_that_invalid_param[0] FAILED [ 43%]
tests/test_http_put.py::test_fails_to_update_bear_name_by_sending_only_that_invalid_param[False] FAILED [ 43%]
tests/test_http_put.py::test_fails_to_update_bear_name_by_sending_only_that_invalid_param[True] FAILED [ 44%]
tests/test_http_put.py::test_fails_to_update_bear_name_by_sending_only_that_invalid_param[None] FAILED [ 44%]
tests/test_http_put.py::test_fails_to_update_bear_name_by_sending_only_that_invalid_param[ ] FAILED [ 45%]
tests/test_http_put.py::test_fails_to_update_bear_name_by_sending_only_that_invalid_param[] FAILED [ 46%]
tests/test_http_put.py::test_successfully_updates_bear_age_by_sending_only_that_valid_param[1.123456] FAILED [ 46%]
tests/test_http_put.py::test_successfully_updates_bear_age_by_sending_only_that_valid_param[1.2] FAILED [ 47%]
tests/test_http_put.py::test_successfully_updates_bear_age_by_sending_only_that_valid_param[1] FAILED [ 47%]
tests/test_http_put.py::test_successfully_updates_bear_age_by_sending_only_that_valid_param[50] FAILED [ 48%]
tests/test_http_put.py::test_successfully_updates_bear_age_by_sending_only_that_valid_param[0] FAILED [ 48%]
tests/test_http_put.py::test_successfully_updates_bear_type_by_sending_only_that_valid_param[GUMMY] FAILED [ 49%]
tests/test_http_put.py::test_successfully_updates_bear_type_by_sending_only_that_valid_param[BLACK] FAILED [ 50%]
tests/test_http_put.py::test_successfully_updates_bear_type_by_sending_only_that_valid_param[BROWN] FAILED [ 50%]
tests/test_http_put.py::test_successfully_updates_bear_type_by_sending_only_that_valid_param[POLAR] FAILED [ 51%]
tests/test_http_put.py::test_successfully_updates_bear_name_by_sending_only_that_valid_param[\u0632\u0648\u062c\u064a] PASSED [ 51%]
tests/test_http_put.py::test_successfully_updates_bear_name_by_sending_only_that_valid_param[\u6210\u5c0d] FAILED [ 52%]
tests/test_http_put.py::test_successfully_updates_bear_name_by_sending_only_that_valid_param[\u041c\u0438\u0445\u0430\u0438\u043b] PASSED [ 52%]
tests/test_http_put.py::test_successfully_updates_bear_name_by_sending_only_that_valid_param[&'-_ "+?!] PASSED [ 53%]
tests/test_http_put.py::test_successfully_updates_bear_name_by_sending_only_that_valid_param[First Last] FAILED [ 53%]
tests/test_http_put.py::test_successfully_updates_bear_name_by_sending_only_that_valid_param[MIKHAIL] PASSED [ 54%]
tests/test_http_put.py::test_successfully_updates_bear_name_by_sending_only_that_valid_param[Mikhail] PASSED [ 55%]
tests/test_http_put.py::test_successfully_updates_bear_name_by_sending_only_that_valid_param[mikhail] PASSED [ 55%]
tests/test_http_post.py::test_successfully_creates_bear_with_valid_params_and_unknown_param PASSED [ 56%]
tests/test_http_post.py::test_fails_to_create_bear_with_only_unknown_param FAILED [ 56%]
tests/test_http_post.py::test_fails_to_create_bear_with_broken_format_data_param[0] FAILED [ 57%]
tests/test_http_post.py::test_fails_to_create_bear_with_broken_format_data_param[word] FAILED [ 57%]
tests/test_http_post.py::test_fails_to_create_bear_with_broken_format_data_param[False] FAILED [ 58%]
tests/test_http_post.py::test_fails_to_create_bear_with_broken_format_data_param[None] FAILED [ 58%]
tests/test_http_post.py::test_fails_to_create_bear_with_broken_format_data_param[invalid_data2] FAILED [ 59%]
tests/test_http_post.py::test_fails_to_create_bear_with_broken_format_data_param[{}] FAILED [ 60%]
tests/test_http_post.py::test_fails_to_create_bear_with_broken_format_data_param[invalid_data0] FAILED [ 60%]
tests/test_http_post.py::test_fails_to_create_bear_without_any_default_param[bear_age] FAILED [ 61%]
tests/test_http_post.py::test_fails_to_create_bear_without_any_default_param[bear_name] FAILED [ 61%]
tests/test_http_post.py::test_fails_to_create_bear_without_any_default_param[bear_type] FAILED [ 62%]
tests/test_http_post.py::test_fails_to_create_bear_with_invalid_bear_age[100000000000.0] FAILED [ 62%]
tests/test_http_post.py::test_fails_to_create_bear_with_invalid_bear_age[1.1234567890123457] FAILED [ 63%]
tests/test_http_post.py::test_fails_to_create_bear_with_invalid_bear_age[-1.2] FAILED [ 64%]
tests/test_http_post.py::test_fails_to_create_bear_with_invalid_bear_age[-11] FAILED [ 64%]
tests/test_http_post.py::test_fails_to_create_bear_with_invalid_bear_age[51] FAILED [ 65%]
tests/test_http_post.py::test_fails_to_create_bear_with_invalid_bear_age[-10] FAILED [ 65%]
tests/test_http_post.py::test_fails_to_create_bear_with_invalid_bear_age[False] FAILED [ 66%]
tests/test_http_post.py::test_fails_to_create_bear_with_invalid_bear_age[True] FAILED [ 66%]
tests/test_http_post.py::test_fails_to_create_bear_with_invalid_bear_age[None] FAILED [ 67%]
tests/test_http_post.py::test_fails_to_create_bear_with_invalid_bear_age[age] FAILED [ 67%]
tests/test_http_post.py::test_fails_to_create_bear_with_invalid_bear_age[] FAILED [ 68%]
tests/test_http_post.py::test_fails_to_create_bear_with_invalid_bear_name[aaaaaaaaaaaaaaaaa...aaaaaaaaaaaa] FAILED [ 69%]
tests/test_http_post.py::test_fails_to_create_bear_with_invalid_bear_name[10] FAILED [ 69%]
tests/test_http_post.py::test_fails_to_create_bear_with_invalid_bear_name[0] FAILED [ 70%]
tests/test_http_post.py::test_fails_to_create_bear_with_invalid_bear_name[False] FAILED [ 70%]
tests/test_http_post.py::test_fails_to_create_bear_with_invalid_bear_name[True] FAILED [ 71%]
tests/test_http_post.py::test_fails_to_create_bear_with_invalid_bear_name[None] FAILED [ 71%]
tests/test_http_post.py::test_fails_to_create_bear_with_invalid_bear_name[ ] FAILED [ 72%]
tests/test_http_post.py::test_fails_to_create_bear_with_invalid_bear_name[] FAILED [ 73%]
tests/test_http_post.py::test_fails_to_create_bear_with_invalid_bear_type[False] FAILED [ 73%]
tests/test_http_post.py::test_fails_to_create_bear_with_invalid_bear_type[True] FAILED [ 74%]
tests/test_http_post.py::test_fails_to_create_bear_with_invalid_bear_type[0] FAILED [ 74%]
tests/test_http_post.py::test_fails_to_create_bear_with_invalid_bear_type[None] FAILED [ 75%]
tests/test_http_post.py::test_fails_to_create_bear_with_invalid_bear_type[] FAILED [ 75%]
tests/test_http_post.py::test_fails_to_create_bear_with_invalid_bear_type[black] FAILED [ 76%]
tests/test_http_post.py::test_fails_to_create_bear_with_invalid_bear_type[WHITE] FAILED [ 76%]
tests/test_http_post.py::test_successfully_creates_bear_with_valid_bear_age[1.123456] PASSED [ 77%]
tests/test_http_post.py::test_successfully_creates_bear_with_valid_bear_age[1.2] PASSED [ 78%]
tests/test_http_post.py::test_successfully_creates_bear_with_valid_bear_age[1] FAILED [ 78%]
tests/test_http_post.py::test_successfully_creates_bear_with_valid_bear_age[50] PASSED [ 79%]
tests/test_http_post.py::test_successfully_creates_bear_with_valid_bear_age[0] FAILED [ 79%]
tests/test_http_post.py::test_successfully_creates_bear_with_valid_bear_name[\u0632\u0648\u062c\u064a] PASSED [ 80%]
tests/test_http_post.py::test_successfully_creates_bear_with_valid_bear_name[\u6210\u5c0d] PASSED [ 80%]
tests/test_http_post.py::test_successfully_creates_bear_with_valid_bear_name[\u041c\u0438\u0445\u0430\u0438\u043b] FAILED [ 81%]
tests/test_http_post.py::test_successfully_creates_bear_with_valid_bear_name[&'-_ "+?!] PASSED [ 82%]
tests/test_http_post.py::test_successfully_creates_bear_with_valid_bear_name[First Last] FAILED [ 82%]
tests/test_http_post.py::test_successfully_creates_bear_with_valid_bear_name[MIKHAIL] PASSED [ 83%]
tests/test_http_post.py::test_successfully_creates_bear_with_valid_bear_name[Mikhail] FAILED [ 83%]
tests/test_http_post.py::test_successfully_creates_bear_with_valid_bear_name[mikhail] FAILED [ 84%]
tests/test_http_post.py::test_successfully_creates_bear_with_valid_bear_type[GUMMY] FAILED [ 84%]
tests/test_http_post.py::test_successfully_creates_bear_with_valid_bear_type[BLACK] PASSED [ 85%]
tests/test_http_post.py::test_successfully_creates_bear_with_valid_bear_type[BROWN] PASSED [ 85%]
tests/test_http_post.py::test_successfully_creates_bear_with_valid_bear_type[POLAR] PASSED [ 86%]
tests/test_http_post.py::test_successfully_creates_duplicate_valid_bear PASSED [ 87%]
tests/test_http_get.py::test_read_json_is_the_same_as_post_json FAILED   [ 87%]
tests/test_http_get.py::test_fails_to_read_bear_by_valid_id_that_does_not_exist FAILED [ 88%]
tests/test_http_get.py::test_fails_to_read_bear_by_invalid_id[9223372036854775808] FAILED [ 88%]
tests/test_http_get.py::test_fails_to_read_bear_by_invalid_id[False] FAILED [ 89%]
tests/test_http_get.py::test_fails_to_read_bear_by_invalid_id[True] FAILED [ 89%]
tests/test_http_get.py::test_fails_to_read_bear_by_invalid_id[0] FAILED  [ 90%]
tests/test_http_get.py::test_fails_to_read_bear_by_invalid_id[None] FAILED [ 91%]
tests/test_http_get.py::test_fails_to_read_bear_by_invalid_id[1,2] FAILED [ 91%]
tests/test_http_get.py::test_fails_to_read_bear_by_invalid_id[1.9] FAILED [ 92%]
tests/test_http_get.py::test_fails_to_read_bear_by_invalid_id[-1] FAILED [ 92%]
tests/test_http_get.py::test_fails_to_read_bear_by_invalid_id[word] FAILED [ 93%]
tests/test_http_get.py::test_fails_to_read_bear_by_invalid_id[] PASSED   [ 93%]
tests/test_http_delete.py::test_fails_to_delete_bear_by_invalid_id[9223372036854775808] FAILED [ 94%]
tests/test_http_delete.py::test_fails_to_delete_bear_by_invalid_id[False] FAILED [ 94%]
tests/test_http_delete.py::test_fails_to_delete_bear_by_invalid_id[True] FAILED [ 95%]
tests/test_http_delete.py::test_fails_to_delete_bear_by_invalid_id[0] FAILED [ 96%]
tests/test_http_delete.py::test_fails_to_delete_bear_by_invalid_id[None] FAILED [ 96%]
tests/test_http_delete.py::test_fails_to_delete_bear_by_invalid_id[1,2] FAILED [ 97%]
tests/test_http_delete.py::test_fails_to_delete_bear_by_invalid_id[1.9] FAILED [ 97%]
tests/test_http_delete.py::test_fails_to_delete_bear_by_invalid_id[-1] FAILED [ 98%]
tests/test_http_delete.py::test_fails_to_delete_bear_by_invalid_id[word] FAILED [ 98%]
tests/test_http_delete.py::test_fails_to_delete_bear_by_invalid_id[] FAILED [ 99%]
tests/test_http_delete.py::test_successfully_deletes_bear_by_id_that_does_not_exist PASSED [100%]

================= 150 failed, 28 passed, 9 deselected in 9.11s =================


# pytest -v -m slow >> reports/report.txt
============================= test session starts ==============================
platform darwin -- Python 3.7.3, pytest-6.2.2, py-1.10.0, pluggy-0.13.1 -- /Users/mac/Projects/rest-crud-pytests/bin/python3
cachedir: .pytest_cache
rootdir: /Users/mac/Projects/rest-crud-pytests, configfile: pytest.ini
plugins: parallel-0.1.0, dependency-0.5.1, order-0.9.4, ordering-0.6, depends-1.0.1
collecting ... collected 187 items / 185 deselected / 2 selected

tests/test_http_get.py::test_successfully_reads_all_bears_when_a_lot_bears_exist PASSED [ 50%]
tests/test_http_delete.py::test_successfully_deletes_all_bears_when_a_lot_bears_exist PASSED [100%]

====================== 2 passed, 185 deselected in 32.08s ======================
